# JRE version: OpenJDK Runtime Environment Temurin-17.0.3+7 (17.0.3+7) (build 17.0.3+7)
# Java VM: OpenJDK 64-Bit Server VM Temurin-17.0.3+7 (17.0.3+7, mixed mode, emulated-client, tiered, compressed oops, compressed class ptrs, g1 gc, windows-amd64)
GC Precious Log:
 CPUs: 4 total, 4 available
 Memory: 12119M
 Large Page Support: Disabled
 NUMA Support: Disabled
 Compressed Oops: Enabled (Zero based)
 Heap Region Size: 2M
 Heap Min Capacity: 8M
 Heap Initial Capacity: 190M
 Heap Max Capacity: 3030M
 Pre-touch: Disabled
 Parallel Workers: 4
 Concurrent Workers: 1
 Concurrent Refinement Workers: 4
 Periodic GC: Disabled
Heap:
 garbage-first heap   total 40960K, used 12920K [0x0000000742a00000, 0x0000000800000000)
  region size 2048K, 1 young (2048K), 0 survivors (0K)
 Metaspace       used 32181K, committed 32512K, reserved 1081344K
  class space    used 4215K, committed 4352K, reserved 1048576K
GC Heap History (20 events):
Event: 11927.792 GC heap before
{Heap before GC invocations=1125 (full 1116):
 garbage-first heap   total 40960K, used 12920K [0x0000000742a00000, 0x0000000800000000)
  region size 2048K, 1 young (2048K), 0 survivors (0K)
 Metaspace       used 32181K, committed 32512K, reserved 1081344K
  class space    used 4215K, committed 4352K, reserved 1048576K
}
Event: 11927.837 GC heap after
{Heap after GC invocations=1126 (full 1117):
 garbage-first heap   total 40960K, used 12920K [0x0000000742a00000, 0x0000000800000000)
  region size 2048K, 0 young (0K), 0 survivors (0K)
 Metaspace       used 32181K, committed 32512K, reserved 1081344K
  class space    used 4215K, committed 4352K, reserved 1048576K
}
Event: 11948.102 GC heap before
{Heap before GC invocations=1126 (full 1117):
 garbage-first heap   total 40960K, used 12920K [0x0000000742a00000, 0x0000000800000000)
  region size 2048K, 1 young (2048K), 0 survivors (0K)
 Metaspace       used 32181K, committed 32512K, reserved 1081344K
  class space    used 4215K, committed 4352K, reserved 1048576K
}
Event: 11948.139 GC heap after
{Heap after GC invocations=1127 (full 1118):
 garbage-first heap   total 40960K, used 12920K [0x0000000742a00000, 0x0000000800000000)
  region size 2048K, 0 young (0K), 0 survivors (0K)
 Metaspace       used 32181K, committed 32512K, reserved 1081344K
  class space    used 4215K, committed 4352K, reserved 1048576K
}
Event: 11958.331 GC heap before
{Heap before GC invocations=1127 (full 1118):
 garbage-first heap   total 40960K, used 12920K [0x0000000742a00000, 0x0000000800000000)
  region size 2048K, 1 young (2048K), 0 survivors (0K)
 Metaspace       used 32181K, committed 32512K, reserved 1081344K
  class space    used 4215K, committed 4352K, reserved 1048576K
}
Event: 11958.375 GC heap after
{Heap after GC invocations=1128 (full 1119):
 garbage-first heap   total 40960K, used 12920K [0x0000000742a00000, 0x0000000800000000)
  region size 2048K, 0 young (0K), 0 survivors (0K)
 Metaspace       used 32181K, committed 32512K, reserved 1081344K
  class space    used 4215K, committed 4352K, reserved 1048576K
}
Event: 11968.606 GC heap before
{Heap before GC invocations=1128 (full 1119):
 garbage-first heap   total 40960K, used 12920K [0x0000000742a00000, 0x0000000800000000)
  region size 2048K, 1 young (2048K), 0 survivors (0K)
 Metaspace       used 32181K, committed 32512K, reserved 1081344K
  class space    used 4215K, committed 4352K, reserved 1048576K
}
Event: 11968.646 GC heap after
{Heap after GC invocations=1129 (full 1120):
 garbage-first heap   total 40960K, used 12920K [0x0000000742a00000, 0x0000000800000000)
  region size 2048K, 0 young (0K), 0 survivors (0K)
 Metaspace       used 32181K, committed 32512K, reserved 1081344K
  class space    used 4215K, committed 4352K, reserved 1048576K
}
Event: 11979.133 GC heap before
{Heap before GC invocations=1129 (full 1120):
 garbage-first heap   total 40960K, used 12920K [0x0000000742a00000, 0x0000000800000000)
  region size 2048K, 1 young (2048K), 0 survivors (0K)
 Metaspace       used 32181K, committed 32512K, reserved 1081344K
  class space    used 4215K, committed 4352K, reserved 1048576K
}
Event: 11979.199 GC heap after
{Heap after GC invocations=1130 (full 1121):
 garbage-first heap   total 40960K, used 12920K [0x0000000742a00000, 0x0000000800000000)
  region size 2048K, 0 young (0K), 0 survivors (0K)
 Metaspace       used 32181K, committed 32512K, reserved 1081344K
  class space    used 4215K, committed 4352K, reserved 1048576K
}
Event: 11989.430 GC heap before
{Heap before GC invocations=1130 (full 1121):
 garbage-first heap   total 40960K, used 12920K [0x0000000742a00000, 0x0000000800000000)
  region size 2048K, 1 young (2048K), 0 survivors (0K)
 Metaspace       used 32181K, committed 32512K, reserved 1081344K
  class space    used 4215K, committed 4352K, reserved 1048576K
}
Event: 11989.467 GC heap after
{Heap after GC invocations=1131 (full 1122):
 garbage-first heap   total 40960K, used 12920K [0x0000000742a00000, 0x0000000800000000)
  region size 2048K, 0 young (0K), 0 survivors (0K)
 Metaspace       used 32181K, committed 32512K, reserved 1081344K
  class space    used 4215K, committed 4352K, reserved 1048576K
}
Event: 12000.080 GC heap before
{Heap before GC invocations=1131 (full 1122):
 garbage-first heap   total 40960K, used 12920K [0x0000000742a00000, 0x0000000800000000)
  region size 2048K, 1 young (2048K), 0 survivors (0K)
 Metaspace       used 32181K, committed 32512K, reserved 1081344K
  class space    used 4215K, committed 4352K, reserved 1048576K
}
Event: 12000.129 GC heap after
{Heap after GC invocations=1132 (full 1123):
 garbage-first heap   total 40960K, used 12920K [0x0000000742a00000, 0x0000000800000000)
  region size 2048K, 0 young (0K), 0 survivors (0K)
 Metaspace       used 32181K, committed 32512K, reserved 1081344K
  class space    used 4215K, committed 4352K, reserved 1048576K
}
Event: 12010.431 GC heap before
{Heap before GC invocations=1132 (full 1123):
 garbage-first heap   total 40960K, used 12920K [0x0000000742a00000, 0x0000000800000000)
  region size 2048K, 1 young (2048K), 0 survivors (0K)
 Metaspace       used 32181K, committed 32512K, reserved 1081344K
  class space    used 4215K, committed 4352K, reserved 1048576K
}
Event: 12010.473 GC heap after
{Heap after GC invocations=1133 (full 1124):
 garbage-first heap   total 40960K, used 12920K [0x0000000742a00000, 0x0000000800000000)
  region size 2048K, 0 young (0K), 0 survivors (0K)
 Metaspace       used 32181K, committed 32512K, reserved 1081344K
  class space    used 4215K, committed 4352K, reserved 1048576K
}
Event: 12020.649 GC heap before
{Heap before GC invocations=1133 (full 1124):
 garbage-first heap   total 40960K, used 12920K [0x0000000742a00000, 0x0000000800000000)
  region size 2048K, 1 young (2048K), 0 survivors (0K)
 Metaspace       used 32181K, committed 32512K, reserved 1081344K
  class space    used 4215K, committed 4352K, reserved 1048576K
}
Event: 12020.688 GC heap after
{Heap after GC invocations=1134 (full 1125):
 garbage-first heap   total 40960K, used 12920K [0x0000000742a00000, 0x0000000800000000)
  region size 2048K, 0 young (0K), 0 survivors (0K)
 Metaspace       used 32181K, committed 32512K, reserved 1081344K
  class space    used 4215K, committed 4352K, reserved 1048576K
}
Event: 12030.858 GC heap before
{Heap before GC invocations=1134 (full 1125):
 garbage-first heap   total 40960K, used 12920K [0x0000000742a00000, 0x0000000800000000)
  region size 2048K, 1 young (2048K), 0 survivors (0K)
 Metaspace       used 32181K, committed 32512K, reserved 1081344K
  class space    used 4215K, committed 4352K, reserved 1048576K
}
Event: 12030.890 GC heap after
{Heap after GC invocations=1135 (full 1126):
 garbage-first heap   total 40960K, used 12920K [0x0000000742a00000, 0x0000000800000000)
  region size 2048K, 0 young (0K), 0 survivors (0K)
 Metaspace       used 32181K, committed 32512K, reserved 1081344K
  class space    used 4215K, committed 4352K, reserved 1048576K
}

